<?xml version="1.0" encoding="UTF-8"?>
<!-- Generated by org.testng.reporters.JUnitXMLReporter -->
<testsuite ignored="2" hostname="bala" failures="2" tests="2" name="API Tests" time="1.086" errors="0" timestamp="2025-12-06T17:34:05 CET">
  <testcase classname="Lydia.LydiaAPI.tests.CreateUser" name="testCreateUser" time="0.965">
    <failure type="java.lang.AssertionError" message="expected [200] but found [403]">
      <![CDATA[java.lang.AssertionError: expected [200] but found [403]
at Lydia.LydiaAPI.tests.CreateUser.testCreateUser(CreateUser.java:31)
at java.base/java.util.ArrayList.forEach(ArrayList.java:1511)
... Removed 34 stack frames]]>
    </failure>
  </testcase> <!-- testCreateUser -->
  <testcase classname="Lydia.LydiaAPI.tests.GetUser" name="testGetUser" time="0.09">
    <failure type="java.lang.AssertionError" message="expected [200] but found [403]">
      <![CDATA[java.lang.AssertionError: expected [200] but found [403]
at Lydia.LydiaAPI.tests.GetUser.testGetUser(GetUser.java:22)
at java.base/java.util.ArrayList.forEach(ArrayList.java:1511)
... Removed 34 stack frames]]>
    </failure>
  </testcase> <!-- testGetUser -->
  <testcase classname="utility.ExtentManager" name="@BeforeSuite setupReport" time="0.0">
    <ignored/>
  </testcase> <!-- @BeforeSuite setupReport -->
  <testcase classname="utility.ExtentManager" name="@AfterSuite tearDown" time="0.0">
    <ignored/>
  </testcase> <!-- @AfterSuite tearDown -->
</testsuite> <!-- API Tests -->
